\BOOKMARK [1][-]{section*.3}{\376\377\000D\000a\000n\000h\000\040\000s\000\341\000c\000h\000\040\000t\000h\000\340\000n\000h\000\040\000v\000i\000\352\000n\000\040\000v\000\340\000\040\000k\000h\036\321\000i\000\040\000l\001\260\036\343\000n\000g\000\040\000c\000\364\000n\000g\000\040\000v\000i\036\307\000c}{}% 1
\BOOKMARK [1][-]{section.1}{\376\377\000T\036\325\000n\000g\000\040\000q\000u\000a\000n\000\040\000v\036\301\000\040\000d\036\361\000\040\000\341\000n}{}% 2
\BOOKMARK [2][-]{subsection.1.1}{\376\377\000B\036\321\000i\000\040\000c\036\243\000n\000h\000\040\000v\000\340\000\040\000t\000\355\000n\000h\000\040\000c\036\245\000p\000\040\000t\000h\000i\036\277\000t}{section.1}% 3
\BOOKMARK [2][-]{subsection.1.2}{\376\377\000M\036\345\000c\000\040\001\021\000\355\000c\000h\000\040\000v\000\340\000\040\000m\036\345\000c\000\040\000t\000i\000\352\000u\000\040\000d\036\361\000\040\000\341\000n}{section.1}% 4
\BOOKMARK [3][-]{subsubsection.1.2.1}{\376\377\000M\036\345\000c\000\040\001\021\000\355\000c\000h\000\040\000d\036\361\000\040\000\341\000n\000:}{subsection.1.2}% 5
\BOOKMARK [3][-]{subsubsection.1.2.2}{\376\377\000M\036\345\000c\000\040\000t\000i\000\352\000u\000\040\000d\036\361\000\040\000\341\000n\000:}{subsection.1.2}% 6
\BOOKMARK [2][-]{subsection.1.3}{\376\377\000P\000h\036\241\000m\000\040\000v\000i\000\040\000d\036\361\000\040\000\341\000n}{section.1}% 7
\BOOKMARK [3][-]{subsubsection.1.3.1}{\376\377\000C\000h\036\351\000c\000\040\000n\001\003\000n\000g\000\040\000c\036\321\000t\000\040\000l\000\365\000i}{subsection.1.3}% 8
\BOOKMARK [3][-]{subsubsection.1.3.2}{\376\377\000C\000h\036\351\000c\000\040\000n\001\003\000n\000g\000\040\000m\036\337\000\040\000r\036\331\000n\000g\000\040\000\050\001\021\036\301\000\040\000x\000u\036\245\000t\000\051}{subsection.1.3}% 9
\BOOKMARK [2][-]{subsection.1.4}{\376\377\001\020\036\313\000n\000h\000\040\000h\001\260\036\333\000n\000g\000\040\000k\036\371\000\040\000t\000h\000u\036\255\000t}{section.1}% 10
\BOOKMARK [3][-]{subsubsection.1.4.1}{\376\377\000M\000\364\000\040\000h\000\354\000n\000h\000\040\000S\000e\000r\000v\000e\000r\000-\000C\000l\000i\000e\000n\000t}{subsection.1.4}% 11
\BOOKMARK [3][-]{subsubsection.1.4.2}{\376\377\000R\000e\000a\000c\000t\000J\000S}{subsection.1.4}% 12
\BOOKMARK [3][-]{subsubsection.1.4.3}{\376\377\000E\000x\000p\000r\000e\000s\000s\000J\000S}{subsection.1.4}% 13
\BOOKMARK [3][-]{subsubsection.1.4.4}{\376\377\000G\000i\000t\000\040\000v\000\340\000\040\000G\000i\000t\000H\000u\000b}{subsection.1.4}% 14
\BOOKMARK [2][-]{subsection.1.5}{\376\377\001\020\036\313\000n\000h\000\040\000h\001\260\036\333\000n\000g\000\040\000m\036\337\000\040\000r\036\331\000n\000g\000\040\000v\000\340\000\040\000n\000\342\000n\000g\000\040\000c\036\245\000p}{section.1}% 15
\BOOKMARK [3][-]{subsubsection.1.5.1}{\376\377\000T\000\355\000c\000h\000\040\000h\036\343\000p\000\040\000A\000I}{subsection.1.5}% 16
\BOOKMARK [3][-]{subsubsection.1.5.2}{\376\377\000X\000\342\000y\000\040\000d\036\361\000n\000g\000\040\000c\000\341\000c\000\040\000t\000\355\000n\000h\000\040\000n\001\003\000n\000g\000\040\000c\036\331\000n\000g\000\040\001\021\036\323\000n\000g\000\040\000v\000\340\000\040\000c\000\341\000c\000\040\000d\000i\036\305\000n\000\040\001\021\000\340\000n\000:}{subsection.1.5}% 17
\BOOKMARK [3][-]{subsubsection.1.5.3}{\376\377\000C\000h\001\260\001\241\000n\000g\000\040\000t\000r\000\354\000n\000h\000\040\000h\036\315\000c\000\040\000t\000h\000u\036\255\000t\000\040\000v\000\340\000\040\000p\000h\000i\000\040\000h\036\315\000c\000\040\000t\000h\000u\036\255\000t\000:}{subsection.1.5}% 18
\BOOKMARK [3][-]{subsubsection.1.5.4}{\376\377\000C\000\341\000\040\000n\000h\000\342\000n\000\040\000h\000o\000\341\000\040\000h\036\315\000c\000\040\000t\036\255\000p\000:}{subsection.1.5}% 19
\BOOKMARK [1][-]{section.2}{\376\377\000C\000\341\000c\000\040\000b\000\352\000n\000\040\000l\000i\000\352\000n\000\040\000q\000u\000a\000n\000\040\000\050\000R\000e\000l\000e\000v\000a\000n\000t\000\040\000S\000t\000a\000k\000e\000h\000o\000l\000d\000e\000r\000s\000\051}{}% 20
\BOOKMARK [1][-]{section.3}{\376\377\000Y\000\352\000u\000\040\000c\036\247\000u\000\040\000c\000h\036\351\000c\000\040\000n\001\003\000n\000g\000\040\000\050\000F\000u\000n\000c\000t\000i\000o\000n\000a\000l\000\040\000R\000e\000q\000u\000i\000r\000e\000m\000e\000n\000t\000s\000\051}{}% 21
\BOOKMARK [2][-]{subsection.3.1}{\376\377\000Q\000u\036\243\000n\000\040\000l\000\375\000\040\000n\000g\001\260\036\335\000i\000\040\000d\000\371\000n\000g\000\040\000\046\000\040\000x\000\341\000c\000\040\000t\000h\036\361\000c}{section.3}% 22
\BOOKMARK [2][-]{subsection.3.2}{\376\377\000Q\000u\036\243\000n\000\040\000l\000\375\000\040\000t\000u\000t\000o\000r\000\040\000\046\000\040\000m\000e\000n\000t\000e\000e}{section.3}% 23
\BOOKMARK [2][-]{subsection.3.3}{\376\377\000Q\000u\036\243\000n\000\040\000l\000\375\000\040\000l\036\313\000c\000h\000\040\000\046\000\040\000b\000u\036\325\000i\000\040\000t\001\260\000\040\000v\036\245\000n}{section.3}% 24
\BOOKMARK [2][-]{subsection.3.4}{\376\377\001\020\000\341\000n\000h\000\040\000g\000i\000\341\000\040\000\046\000\040\000p\000h\036\243\000n\000\040\000h\036\323\000i}{section.3}% 25
\BOOKMARK [2][-]{subsection.3.5}{\376\377\000Q\000u\036\243\000n\000\040\000l\000\375\000\040\000h\036\315\000c\000\040\000l\000i\036\307\000u\000\040\000\046\000\040\000t\000\340\000i\000\040\000n\000g\000u\000y\000\352\000n}{section.3}% 26
\BOOKMARK [2][-]{subsection.3.6}{\376\377\000C\000h\036\351\000c\000\040\000n\001\003\000n\000g\000\040\000m\036\337\000\040\000r\036\331\000n\000g\000\040\000\050\001\021\036\301\000\040\000x\000u\036\245\000t\000\051}{section.3}% 27
\BOOKMARK [1][-]{section.4}{\376\377\000Y\000\352\000u\000\040\000c\036\247\000u\000\040\000p\000h\000i\000\040\000c\000h\036\351\000c\000\040\000n\001\003\000n\000g\000\040\000\050\000N\000o\000n\000-\000F\000u\000n\000c\000t\000i\000o\000n\000a\000l\000\040\000R\000e\000q\000u\000i\000r\000e\000m\000e\000n\000t\000s\000\051}{}% 28
\BOOKMARK [2][-]{subsection.4.1}{\376\377\000H\000i\036\307\000u\000\040\000n\001\003\000n\000g\000\040\000\050\000P\000e\000r\000f\000o\000r\000m\000a\000n\000c\000e\000\051}{section.4}% 29
\BOOKMARK [2][-]{subsection.4.2}{\376\377\000B\036\243\000o\000\040\000m\036\255\000t\000\040\000\050\000S\000e\000c\000u\000r\000i\000t\000y\000\051}{section.4}% 30
\BOOKMARK [2][-]{subsection.4.3}{\376\377\000K\000h\036\243\000\040\000n\001\003\000n\000g\000\040\000m\036\337\000\040\000r\036\331\000n\000g\000\040\000\050\000S\000c\000a\000l\000a\000b\000i\000l\000i\000t\000y\000\051}{section.4}% 31
\BOOKMARK [2][-]{subsection.4.4}{\376\377\000K\000h\036\243\000\040\000n\001\003\000n\000g\000\040\000t\000\355\000c\000h\000\040\000h\036\343\000p\000\040\000\050\000I\000n\000t\000e\000r\000o\000p\000e\000r\000a\000b\000i\000l\000i\000t\000y\000\051}{section.4}% 32
\BOOKMARK [2][-]{subsection.4.5}{\376\377\000T\000\355\000n\000h\000\040\000k\000h\036\243\000\040\000d\036\345\000n\000g\000\040\000\050\000A\000v\000a\000i\000l\000a\000b\000i\000l\000i\000t\000y\000\051}{section.4}% 33
\BOOKMARK [2][-]{subsection.4.6}{\376\377\000T\000\355\000n\000h\000\040\000d\036\305\000\040\000s\036\355\000\040\000d\036\345\000n\000g\000\040\000\050\000U\000s\000a\000b\000i\000l\000i\000t\000y\000\051}{section.4}% 34
\BOOKMARK [2][-]{subsection.4.7}{\376\377\000K\000h\036\243\000\040\000n\001\003\000n\000g\000\040\000g\000i\000\341\000m\000\040\000s\000\341\000t\000\040\000v\000\340\000\040\000b\036\243\000o\000\040\000t\000r\000\354\000\040\000\050\000M\000a\000i\000n\000t\000a\000i\000n\000a\000b\000i\000l\000i\000t\000y\000\040\000\046\000\040\000M\000o\000n\000i\000t\000o\000r\000i\000n\000g\000\051}{section.4}% 35
\BOOKMARK [1][-]{section.5}{\376\377\000U\000s\000e\000-\000c\000a\000s\000e\000\040\000v\000\340\000\040\000k\036\313\000c\000h\000\040\000b\036\243\000n\000\040\000v\036\255\000n\000\040\000h\000\340\000n\000h\000\040\000\050\000S\000c\000e\000n\000a\000r\000i\000o\000\051}{}% 36
\BOOKMARK [2][-]{subsection.5.1}{\376\377\000U\000s\000e\000-\000c\000a\000s\000e\000\040\000t\000o\000\340\000n\000\040\000h\036\307\000\040\000t\000h\036\321\000n\000g}{section.5}% 37
\BOOKMARK [2][-]{subsection.5.2}{\376\377\000S\000i\000n\000h\000\040\000v\000i\000\352\000n}{section.5}% 38
\BOOKMARK [2][-]{subsection.5.3}{\376\377\000T\000u\000t\000o\000r}{section.5}% 39
\BOOKMARK [2][-]{subsection.5.4}{\376\377\000K\000h\000o\000a\000\040\000/\000\040\000B\036\331\000\040\000m\000\364\000n}{section.5}% 40
\BOOKMARK [2][-]{subsection.5.5}{\376\377\000P\000h\000\362\000n\000g\000\040\001\020\000\340\000o\000\040\000t\036\241\000o}{section.5}% 41
\BOOKMARK [2][-]{subsection.5.6}{\376\377\000P\000h\000\362\000n\000g\000\040\000C\000\364\000n\000g\000\040\000t\000\341\000c\000\040\000s\000i\000n\000h\000\040\000v\000i\000\352\000n}{section.5}% 42
\BOOKMARK [2][-]{subsection.5.7}{\376\377\000Q\000u\036\243\000n\000\040\000t\000r\036\313\000\040\000v\000i\000\352\000n\000\040\000h\036\307\000\040\000t\000h\036\321\000n\000g\000\040\000\050\000S\000y\000s\000t\000e\000m\000\040\000A\000d\000m\000i\000n\000i\000s\000t\000r\000a\000t\000o\000r\000\051}{section.5}% 43
\BOOKMARK [2][-]{subsection.5.8}{\376\377\001\020\000i\036\301\000u\000\040\000p\000h\036\321\000i\000\040\000v\000i\000\352\000n}{section.5}% 44
\BOOKMARK [1][-]{section.6}{\376\377\000L\001\260\036\343\000c\000\040\001\021\036\323\000\040\000h\000o\036\241\000t\000\040\001\021\036\331\000n\000g\000\040\000v\000\340\000\040\000t\000r\000\354\000n\000h\000\040\000t\036\361\000\040\000\050\000A\000c\000t\000i\000v\000i\000t\000y\000\040\000a\000n\000d\000\040\000S\000e\000q\000u\000e\000n\000c\000e\000\040\000D\000i\000a\000g\000r\000a\000m\000\051}{}% 45
\BOOKMARK [2][-]{subsection.6.1}{\376\377\000L\001\260\036\343\000c\000\040\001\021\036\323\000\040\000h\000o\036\241\000t\000\040\001\021\036\331\000n\000g}{section.6}% 46
\BOOKMARK [2][-]{subsection.6.2}{\376\377\000L\001\260\036\343\000c\000\040\001\021\036\323\000\040\000t\000r\000\354\000n\000h\000\040\000t\036\361}{section.6}% 47
\BOOKMARK [1][-]{section.7}{\376\377\000M\000o\000c\000k\000u\000p\000-\000U\000I}{}% 48
\BOOKMARK [2][-]{subsection.7.1}{\376\377\000S\000i\000n\000h\000\040\000v\000i\000\352\000n}{section.7}% 49
\BOOKMARK [2][-]{subsection.7.2}{\376\377\000T\000u\000t\000o\000r}{section.7}% 50
\BOOKMARK [2][-]{subsection.7.3}{\376\377\000P\000h\000\362\000n\000g\000\040\001\020\000\340\000o\000\040\000t\036\241\000o}{section.7}% 51
\BOOKMARK [2][-]{subsection.7.4}{\376\377\000P\000h\000\362\000n\000g\000\040\000C\000T\000S\000V}{section.7}% 52
\BOOKMARK [2][-]{subsection.7.5}{\376\377\000K\000h\000o\000a\000\040\000-\000\040\000B\036\331\000\040\000m\000\364\000n}{section.7}% 53
\BOOKMARK [2][-]{subsection.7.6}{\376\377\001\020\000i\036\301\000u\000\040\000p\000h\036\321\000i\000\040\000v\000i\000\352\000n}{section.7}% 54
\BOOKMARK [1][-]{section.8}{\376\377\000L\001\260\036\343\000c\000\040\001\021\036\323\000\040\000t\000r\000i\036\303\000n\000\040\000k\000h\000a\000i\000,\000\040\000h\000i\036\307\000n\000\040\000t\000h\036\361\000c\000\040\000v\000\340\000\040\000c\000\341\000c\000\040\000l\036\333\000p\000\040\000h\000i\036\307\000n\000\040\000t\000h\036\361\000c\000\040\000\050\000D\000e\000p\000l\000o\000y\000m\000e\000n\000t\000,\000\040\000I\000m\000p\000l\000e\000m\000e\000n\000t\000a\000t\000i\000o\000n\000\040\000a\000n\000d\000\040\000C\000l\000a\000s\000s\000\040\000D\000i\000a\000g\000r\000a\000m\000\051}{}% 55
\BOOKMARK [2][-]{subsection.8.1}{\376\377\000L\001\260\036\343\000c\000\040\001\021\036\323\000\040\000t\000r\000i\036\303\000n\000\040\000k\000h\000a\000i}{section.8}% 56
\BOOKMARK [2][-]{subsection.8.2}{\376\377\000L\001\260\036\343\000c\000\040\001\021\036\323\000\040\000h\000i\036\307\000n\000\040\000t\000h\036\361\000c}{section.8}% 57
\BOOKMARK [3][-]{subsubsection.8.2.1}{\376\377\000L\001\260\036\343\000c\000\040\001\021\036\323\000\040\000h\000i\036\307\000n\000\040\000t\000h\036\361\000c\000\040\000c\000\341\000c\000\040\000c\000o\000m\000p\000o\000n\000e\000n\000t}{subsection.8.2}% 58
\BOOKMARK [3][-]{subsubsection.8.2.2}{\376\377\000L\001\260\036\343\000c\000\040\001\021\036\323\000\040\000h\000i\036\307\000n\000\040\000t\000h\036\361\000c\000\040\000c\000\341\000c\000\040\000P\000a\000c\000k\000a\000g\000e}{subsection.8.2}% 59
\BOOKMARK [2][-]{subsection.8.3}{\376\377\000L\001\260\036\343\000c\000\040\001\021\036\323\000\040\000c\000\341\000c\000\040\000l\036\333\000p\000\040\000h\000i\036\307\000n\000\040\000t\000h\036\361\000c}{section.8}% 60
